CRITICAL - 2021-01-15 09:37:29 --> Invalid file: body.php
#0 C:\xampp\htdocs\framework\system\View\View.php(228): CodeIgniter\Exceptions\FrameworkException::forInvalidFile('body.php')
#1 C:\xampp\htdocs\framework\system\Common.php(1119): CodeIgniter\View\View->render('body', Array, true)
#2 C:\xampp\htdocs\framework\app\Controllers\Pro.php(7): view('body')
#3 C:\xampp\htdocs\framework\system\CodeIgniter.php(918): App\Controllers\Pro->index()
#4 C:\xampp\htdocs\framework\system\CodeIgniter.php(404): CodeIgniter\CodeIgniter->runController(Object(App\Controllers\Pro))
#5 C:\xampp\htdocs\framework\system\CodeIgniter.php(312): CodeIgniter\CodeIgniter->handleRequest(NULL, Object(Config\Cache), false)
#6 C:\xampp\htdocs\framework\public\index.php(45): CodeIgniter\CodeIgniter->run()
#7 {main}
CRITICAL - 2021-01-15 09:37:43 --> Invalid file: body.php
#0 C:\xampp\htdocs\framework\system\View\View.php(228): CodeIgniter\Exceptions\FrameworkException::forInvalidFile('body.php')
#1 C:\xampp\htdocs\framework\system\Common.php(1119): CodeIgniter\View\View->render('body', Array, true)
#2 C:\xampp\htdocs\framework\app\Controllers\Pro.php(7): view('body')
#3 C:\xampp\htdocs\framework\system\CodeIgniter.php(918): App\Controllers\Pro->index()
#4 C:\xampp\htdocs\framework\system\CodeIgniter.php(404): CodeIgniter\CodeIgniter->runController(Object(App\Controllers\Pro))
#5 C:\xampp\htdocs\framework\system\CodeIgniter.php(312): CodeIgniter\CodeIgniter->handleRequest(NULL, Object(Config\Cache), false)
#6 C:\xampp\htdocs\framework\public\index.php(45): CodeIgniter\CodeIgniter->run()
#7 {main}
CRITICAL - 2021-01-15 09:38:20 --> Invalid file: body.php
#0 C:\xampp\htdocs\framework\system\View\View.php(228): CodeIgniter\Exceptions\FrameworkException::forInvalidFile('body.php')
#1 C:\xampp\htdocs\framework\system\Common.php(1119): CodeIgniter\View\View->render('body', Array, true)
#2 C:\xampp\htdocs\framework\app\Controllers\Pro.php(7): view('body')
#3 C:\xampp\htdocs\framework\system\CodeIgniter.php(918): App\Controllers\Pro->index()
#4 C:\xampp\htdocs\framework\system\CodeIgniter.php(404): CodeIgniter\CodeIgniter->runController(Object(App\Controllers\Pro))
#5 C:\xampp\htdocs\framework\system\CodeIgniter.php(312): CodeIgniter\CodeIgniter->handleRequest(NULL, Object(Config\Cache), false)
#6 C:\xampp\htdocs\framework\public\index.php(45): CodeIgniter\CodeIgniter->run()
#7 {main}
CRITICAL - 2021-01-15 21:45:58 --> Invalid file: index, $data.php
#0 C:\xampp\htdocs\framework\system\View\View.php(228): CodeIgniter\Exceptions\FrameworkException::forInvalidFile('index, $data.ph...')
#1 C:\xampp\htdocs\framework\system\Common.php(1119): CodeIgniter\View\View->render('index, $data', Array, true)
#2 C:\xampp\htdocs\framework\app\Controllers\Pro.php(15): view('index, $data')
#3 C:\xampp\htdocs\framework\system\CodeIgniter.php(918): App\Controllers\Pro->index()
#4 C:\xampp\htdocs\framework\system\CodeIgniter.php(404): CodeIgniter\CodeIgniter->runController(Object(App\Controllers\Pro))
#5 C:\xampp\htdocs\framework\system\CodeIgniter.php(312): CodeIgniter\CodeIgniter->handleRequest(NULL, Object(Config\Cache), false)
#6 C:\xampp\htdocs\framework\public\index.php(45): CodeIgniter\CodeIgniter->run()
#7 {main}
